<?xml version="1.0" encoding="UTF-8"?>
<TestRun id="88ba10e6-f107-4c42-bb0b-0a2876c8fd83" name="Huyoucai@HUYOUCAI-PC 2014-09-07 23:13:51" runUser="Huyoucai-PC\Huyoucai" xmlns="http://microsoft.com/schemas/VisualStudio/TeamTest/2010">
  <TestSettings name="Local" id="e4167082-9d56-471a-b488-96ac36bacfa7">
    <Description>These are default test settings for a local test run.</Description>
    <Deployment enabled="false" runDeploymentRoot="Huyoucai_HUYOUCAI-PC 2014-09-07 23_13_51">
      <DeploymentItem filename="G:\GitHub\Algorithm-Recursion-Dynamic\Algorithm-Recursion\bin\Debug\Algorithm-Recursion.dll" />
    </Deployment>
    <Execution>
      <TestTypeSpecific />
      <AgentRule name="Execution Agents">
      </AgentRule>
    </Execution>
  </TestSettings>
  <Times creation="2014-09-07T23:13:51.0067946-06:00" queuing="2014-09-07T23:13:52.4328761-06:00" start="2014-09-07T23:13:52.5628836-06:00" finish="2014-09-07T23:25:33.7009864-06:00" />
  <ResultSummary outcome="Error">
    <Counters total="1" executed="1" error="0" failed="0" timeout="0" aborted="1" inconclusive="0" passedButRunAborted="0" notRunnable="0" notExecuted="0" disconnected="0" warning="0" passed="0" completed="0" inProgress="0" pending="0" />
    <RunInfos>
      <RunInfo computerName="HUYOUCAI-PC" outcome="Error" timestamp="2014-09-07T23:25:33.6969862-06:00">
        <Text>Test host process exited unexpectedly.</Text>
      </RunInfo>
    </RunInfos>
  </ResultSummary>
  <TestDefinitions>
    <UnitTest name="RestoreIpAddressesTest" storage="g:\github\algorithm-recursion-dynamic\testproject\bin\debug\testproject.dll" id="c0bcccea-e9e5-2ba5-358f-e1e81c5a5ab4">
      <Execution id="93358524-68bf-4534-831b-cd10861d7aa0" />
      <TestMethod codeBase="G:/GitHub/Algorithm-Recursion-Dynamic/TestProject/bin/Debug/TestProject.DLL" adapterTypeName="Microsoft.VisualStudio.TestTools.TestTypes.Unit.UnitTestAdapter, Microsoft.VisualStudio.QualityTools.Tips.UnitTest.Adapter, Version=10.0.0.0, Culture=neutral, PublicKeyToken=b03f5f7f11d50a3a" className="TestProject.RecursionTest, TestProject, Version=1.0.0.0, Culture=neutral, PublicKeyToken=null" name="RestoreIpAddressesTest" />
    </UnitTest>
  </TestDefinitions>
  <TestLists>
    <TestList name="Results Not in a List" id="8c84fa94-04c1-424b-9868-57a2d4851a1d" />
    <TestList name="All Loaded Results" id="19431567-8539-422a-85d7-44ee4e166bda" />
  </TestLists>
  <TestEntries>
    <TestEntry testId="c0bcccea-e9e5-2ba5-358f-e1e81c5a5ab4" executionId="93358524-68bf-4534-831b-cd10861d7aa0" testListId="8c84fa94-04c1-424b-9868-57a2d4851a1d" />
  </TestEntries>
  <Results>
    <UnitTestResult executionId="93358524-68bf-4534-831b-cd10861d7aa0" testId="c0bcccea-e9e5-2ba5-358f-e1e81c5a5ab4" testName="RestoreIpAddressesTest" computerName="HUYOUCAI-PC" duration="00:11:41.0170959" startTime="2014-09-07T23:13:52.6838905-06:00" endTime="2014-09-07T23:25:33.7009864-06:00" testType="13cdc9d9-ddb5-4fa4-a97d-d965ccfc6d4b" outcome="Aborted" testListId="8c84fa94-04c1-424b-9868-57a2d4851a1d" relativeResultsDirectory="93358524-68bf-4534-831b-cd10861d7aa0">
    </UnitTestResult>
  </Results>
</TestRun>