<?xml version="1.0" encoding="UTF-8"?>
<TestRun id="99f18da4-d5bd-4332-8cbe-98e7d2172db8" name="Huyoucai@HUYOUCAI-PC 2014-07-29 21:54:54" runUser="Huyoucai-PC\Huyoucai" xmlns="http://microsoft.com/schemas/VisualStudio/TeamTest/2010">
  <TestSettings name="Local" id="e4167082-9d56-471a-b488-96ac36bacfa7">
    <Description>These are default test settings for a local test run.</Description>
    <Deployment enabled="false" runDeploymentRoot="Huyoucai_HUYOUCAI-PC 2014-07-29 21_54_54">
      <DeploymentItem filename="G:\GitHub\Algorithm-Recursion-Dynamic\Algorithm-Recursion\bin\Debug\Algorithm-Recursion.dll" />
    </Deployment>
    <Execution>
      <TestTypeSpecific />
      <AgentRule name="Execution Agents">
      </AgentRule>
    </Execution>
  </TestSettings>
  <Times creation="2014-07-29T21:54:54.6608754-06:00" queuing="2014-07-29T21:54:56.4469775-06:00" start="2014-07-29T21:54:56.6009863-06:00" finish="2014-07-29T21:55:27.0417274-06:00" />
  <ResultSummary outcome="Error">
    <Counters total="1" executed="1" error="0" failed="0" timeout="0" aborted="1" inconclusive="0" passedButRunAborted="0" notRunnable="0" notExecuted="0" disconnected="0" warning="0" passed="0" completed="0" inProgress="0" pending="0" />
    <RunInfos>
      <RunInfo computerName="HUYOUCAI-PC" outcome="Error" timestamp="2014-07-29T21:55:27.0377272-06:00">
        <Text>Test host process exited unexpectedly.</Text>
      </RunInfo>
    </RunInfos>
  </ResultSummary>
  <TestDefinitions>
    <UnitTest name="WordBreakDPTest" storage="g:\github\algorithm-recursion-dynamic\testproject\bin\debug\testproject.dll" id="803a80ed-c142-7504-3e6f-864a5e51a88a">
      <Execution id="17bae8b1-4c8a-4d22-9d2d-ed2a1db7d125" />
      <TestMethod codeBase="G:/GitHub/Algorithm-Recursion-Dynamic/TestProject/bin/Debug/TestProject.DLL" adapterTypeName="Microsoft.VisualStudio.TestTools.TestTypes.Unit.UnitTestAdapter, Microsoft.VisualStudio.QualityTools.Tips.UnitTest.Adapter, Version=10.0.0.0, Culture=neutral, PublicKeyToken=b03f5f7f11d50a3a" className="TestProject.DynamicTest, TestProject, Version=1.0.0.0, Culture=neutral, PublicKeyToken=null" name="WordBreakDPTest" />
    </UnitTest>
  </TestDefinitions>
  <TestLists>
    <TestList name="Results Not in a List" id="8c84fa94-04c1-424b-9868-57a2d4851a1d" />
    <TestList name="All Loaded Results" id="19431567-8539-422a-85d7-44ee4e166bda" />
  </TestLists>
  <TestEntries>
    <TestEntry testId="803a80ed-c142-7504-3e6f-864a5e51a88a" executionId="17bae8b1-4c8a-4d22-9d2d-ed2a1db7d125" testListId="8c84fa94-04c1-424b-9868-57a2d4851a1d" />
  </TestEntries>
  <Results>
    <UnitTestResult executionId="17bae8b1-4c8a-4d22-9d2d-ed2a1db7d125" testId="803a80ed-c142-7504-3e6f-864a5e51a88a" testName="WordBreakDPTest" computerName="HUYOUCAI-PC" duration="00:00:30.2997330" startTime="2014-07-29T21:54:56.7419944-06:00" endTime="2014-07-29T21:55:27.0417274-06:00" testType="13cdc9d9-ddb5-4fa4-a97d-d965ccfc6d4b" outcome="Aborted" testListId="8c84fa94-04c1-424b-9868-57a2d4851a1d" relativeResultsDirectory="17bae8b1-4c8a-4d22-9d2d-ed2a1db7d125">
    </UnitTestResult>
  </Results>
</TestRun>