<?xml version="1.0" encoding="UTF-8"?>
<TestRun id="3c13a217-36cd-4bcf-af65-7860a4caf4fa" name="Huyoucai@HUYOUCAI-PC 2014-08-17 14:15:13" runUser="Huyoucai-PC\Huyoucai" xmlns="http://microsoft.com/schemas/VisualStudio/TeamTest/2010">
  <TestSettings name="Local" id="e4167082-9d56-471a-b488-96ac36bacfa7">
    <Description>These are default test settings for a local test run.</Description>
    <Deployment enabled="false" runDeploymentRoot="Huyoucai_HUYOUCAI-PC 2014-08-17 14_15_13">
      <DeploymentItem filename="G:\GitHub\Algorithm-Recursion-Dynamic\Algorithm-Recursion\bin\Debug\Algorithm-Recursion.dll" />
    </Deployment>
    <Execution>
      <TestTypeSpecific />
      <AgentRule name="Execution Agents">
      </AgentRule>
    </Execution>
  </TestSettings>
  <Times creation="2014-08-17T14:15:13.4823970-06:00" queuing="2014-08-17T14:15:15.6515211-06:00" start="2014-08-17T14:15:15.8115303-06:00" finish="2014-08-17T14:24:45.3741074-06:00" />
  <ResultSummary outcome="Error">
    <Counters total="1" executed="1" error="0" failed="0" timeout="0" aborted="1" inconclusive="0" passedButRunAborted="0" notRunnable="0" notExecuted="0" disconnected="0" warning="0" passed="0" completed="0" inProgress="0" pending="0" />
    <RunInfos>
      <RunInfo computerName="HUYOUCAI-PC" outcome="Error" timestamp="2014-08-17T14:24:45.3711072-06:00">
        <Text>Test host process exited unexpectedly.</Text>
      </RunInfo>
    </RunInfos>
  </ResultSummary>
  <TestDefinitions>
    <UnitTest name="MinimumTotalDymaticTest" storage="g:\github\algorithm-recursion-dynamic\testproject\bin\debug\testproject.dll" id="4e296581-55b7-0748-7cc1-c41a4eca09c1">
      <Execution id="dea53397-1171-431b-ad40-9345ff74b021" />
      <TestMethod codeBase="G:/GitHub/Algorithm-Recursion-Dynamic/TestProject/bin/Debug/TestProject.DLL" adapterTypeName="Microsoft.VisualStudio.TestTools.TestTypes.Unit.UnitTestAdapter, Microsoft.VisualStudio.QualityTools.Tips.UnitTest.Adapter, Version=10.0.0.0, Culture=neutral, PublicKeyToken=b03f5f7f11d50a3a" className="TestProject.DynamicTest, TestProject, Version=1.0.0.0, Culture=neutral, PublicKeyToken=null" name="MinimumTotalDymaticTest" />
    </UnitTest>
  </TestDefinitions>
  <TestLists>
    <TestList name="Results Not in a List" id="8c84fa94-04c1-424b-9868-57a2d4851a1d" />
    <TestList name="All Loaded Results" id="19431567-8539-422a-85d7-44ee4e166bda" />
  </TestLists>
  <TestEntries>
    <TestEntry testId="4e296581-55b7-0748-7cc1-c41a4eca09c1" executionId="dea53397-1171-431b-ad40-9345ff74b021" testListId="8c84fa94-04c1-424b-9868-57a2d4851a1d" />
  </TestEntries>
  <Results>
    <UnitTestResult executionId="dea53397-1171-431b-ad40-9345ff74b021" testId="4e296581-55b7-0748-7cc1-c41a4eca09c1" testName="MinimumTotalDymaticTest" computerName="HUYOUCAI-PC" duration="00:09:29.3075626" startTime="2014-08-17T14:15:16.0665448-06:00" endTime="2014-08-17T14:24:45.3741074-06:00" testType="13cdc9d9-ddb5-4fa4-a97d-d965ccfc6d4b" outcome="Aborted" testListId="8c84fa94-04c1-424b-9868-57a2d4851a1d" relativeResultsDirectory="dea53397-1171-431b-ad40-9345ff74b021">
    </UnitTestResult>
  </Results>
</TestRun>