<?xml version="1.0" encoding="UTF-8"?>
<TestRun id="7fac0d77-6c9b-4b23-af6d-dd9acc830582" name="Huyoucai@HUYOUCAI-PC 2014-07-04 18:22:19" runUser="Huyoucai-PC\Huyoucai" xmlns="http://microsoft.com/schemas/VisualStudio/TeamTest/2010">
  <TestSettings name="Local" id="e4167082-9d56-471a-b488-96ac36bacfa7">
    <Description>These are default test settings for a local test run.</Description>
    <Deployment enabled="false" runDeploymentRoot="Huyoucai_HUYOUCAI-PC 2014-07-04 18_22_19">
      <DeploymentItem filename="G:\GitHub\Algorithm-Recursion-Dynamic\Algorithm-Recursion\bin\Debug\Algorithm-Recursion.dll" />
    </Deployment>
    <Execution>
      <TestTypeSpecific />
      <AgentRule name="Execution Agents">
      </AgentRule>
    </Execution>
  </TestSettings>
  <Times creation="2014-07-04T18:22:19.9179303-06:00" queuing="2014-07-04T18:22:22.5690819-06:00" start="2014-07-04T18:22:22.7180904-06:00" finish="2014-07-04T18:22:39.0130224-06:00" />
  <ResultSummary outcome="Error">
    <Counters total="1" executed="1" error="0" failed="0" timeout="0" aborted="1" inconclusive="0" passedButRunAborted="0" notRunnable="0" notExecuted="0" disconnected="0" warning="0" passed="0" completed="0" inProgress="0" pending="0" />
    <RunInfos>
      <RunInfo computerName="HUYOUCAI-PC" outcome="Error" timestamp="2014-07-04T18:22:39.0120224-06:00">
        <Text>Test host process exited unexpectedly.</Text>
      </RunInfo>
    </RunInfos>
  </ResultSummary>
  <TestDefinitions>
    <UnitTest name="SearchTest" storage="g:\github\algorithm-recursion-dynamic\testproject\bin\debug\testproject.dll" id="80e409f0-5bcc-f29d-0db6-d0eceefb338b">
      <Execution id="12e5e086-eb29-4852-abf2-63b0e027e2f6" />
      <TestMethod codeBase="G:/GitHub/Algorithm-Recursion-Dynamic/TestProject/bin/Debug/TestProject.DLL" adapterTypeName="Microsoft.VisualStudio.TestTools.TestTypes.Unit.UnitTestAdapter, Microsoft.VisualStudio.QualityTools.Tips.UnitTest.Adapter, Version=10.0.0.0, Culture=neutral, PublicKeyToken=b03f5f7f11d50a3a" className="TestProject.RecursionTest, TestProject, Version=1.0.0.0, Culture=neutral, PublicKeyToken=null" name="SearchTest" />
    </UnitTest>
  </TestDefinitions>
  <TestLists>
    <TestList name="Results Not in a List" id="8c84fa94-04c1-424b-9868-57a2d4851a1d" />
    <TestList name="All Loaded Results" id="19431567-8539-422a-85d7-44ee4e166bda" />
  </TestLists>
  <TestEntries>
    <TestEntry testId="80e409f0-5bcc-f29d-0db6-d0eceefb338b" executionId="12e5e086-eb29-4852-abf2-63b0e027e2f6" testListId="8c84fa94-04c1-424b-9868-57a2d4851a1d" />
  </TestEntries>
  <Results>
    <UnitTestResult executionId="12e5e086-eb29-4852-abf2-63b0e027e2f6" testId="80e409f0-5bcc-f29d-0db6-d0eceefb338b" testName="SearchTest" computerName="HUYOUCAI-PC" duration="00:00:16.1489236" startTime="2014-07-04T18:22:22.8640988-06:00" endTime="2014-07-04T18:22:39.0130224-06:00" testType="13cdc9d9-ddb5-4fa4-a97d-d965ccfc6d4b" outcome="Aborted" testListId="8c84fa94-04c1-424b-9868-57a2d4851a1d" relativeResultsDirectory="12e5e086-eb29-4852-abf2-63b0e027e2f6">
    </UnitTestResult>
  </Results>
</TestRun>