<?xml version="1.0" encoding="UTF-8"?>
<TestRun id="1cd9e0e0-bff1-4e7d-8d14-8630fa709477" name="Huyoucai@HUYOUCAI-PC 2014-07-29 22:50:41" runUser="Huyoucai-PC\Huyoucai" xmlns="http://microsoft.com/schemas/VisualStudio/TeamTest/2010">
  <TestSettings name="Local" id="e4167082-9d56-471a-b488-96ac36bacfa7">
    <Description>These are default test settings for a local test run.</Description>
    <Deployment enabled="false" runDeploymentRoot="Huyoucai_HUYOUCAI-PC 2014-07-29 22_50_41">
      <DeploymentItem filename="G:\GitHub\Algorithm-Recursion-Dynamic\Algorithm-Recursion\bin\Debug\Algorithm-Recursion.dll" />
    </Deployment>
    <Execution>
      <TestTypeSpecific />
      <AgentRule name="Execution Agents">
      </AgentRule>
    </Execution>
  </TestSettings>
  <Times creation="2014-07-29T22:50:41.8273223-06:00" queuing="2014-07-29T22:50:43.0073898-06:00" start="2014-07-29T22:50:43.1173961-06:00" finish="2014-07-29T22:51:00.3973845-06:00" />
  <ResultSummary outcome="Failed">
    <Counters total="1" executed="1" error="0" failed="1" timeout="0" aborted="0" inconclusive="0" passedButRunAborted="0" notRunnable="0" notExecuted="0" disconnected="0" warning="0" passed="0" completed="0" inProgress="0" pending="0" />
  </ResultSummary>
  <TestDefinitions>
    <UnitTest name="WordBreakDPTest" storage="g:\github\algorithm-recursion-dynamic\testproject\bin\debug\testproject.dll" id="803a80ed-c142-7504-3e6f-864a5e51a88a">
      <Execution id="d28cc6b1-2b70-4303-9c79-e1b078881056" />
      <TestMethod codeBase="G:/GitHub/Algorithm-Recursion-Dynamic/TestProject/bin/Debug/TestProject.DLL" adapterTypeName="Microsoft.VisualStudio.TestTools.TestTypes.Unit.UnitTestAdapter, Microsoft.VisualStudio.QualityTools.Tips.UnitTest.Adapter, Version=10.0.0.0, Culture=neutral, PublicKeyToken=b03f5f7f11d50a3a" className="TestProject.DynamicTest, TestProject, Version=1.0.0.0, Culture=neutral, PublicKeyToken=null" name="WordBreakDPTest" />
    </UnitTest>
  </TestDefinitions>
  <TestLists>
    <TestList name="Results Not in a List" id="8c84fa94-04c1-424b-9868-57a2d4851a1d" />
    <TestList name="All Loaded Results" id="19431567-8539-422a-85d7-44ee4e166bda" />
  </TestLists>
  <TestEntries>
    <TestEntry testId="803a80ed-c142-7504-3e6f-864a5e51a88a" executionId="d28cc6b1-2b70-4303-9c79-e1b078881056" testListId="8c84fa94-04c1-424b-9868-57a2d4851a1d" />
  </TestEntries>
  <Results>
    <UnitTestResult executionId="d28cc6b1-2b70-4303-9c79-e1b078881056" testId="803a80ed-c142-7504-3e6f-864a5e51a88a" testName="WordBreakDPTest" computerName="HUYOUCAI-PC" duration="00:00:15.6984350" startTime="2014-07-29T22:50:43.2244022-06:00" endTime="2014-07-29T22:51:00.2403755-06:00" testType="13cdc9d9-ddb5-4fa4-a97d-d965ccfc6d4b" outcome="Failed" testListId="8c84fa94-04c1-424b-9868-57a2d4851a1d" relativeResultsDirectory="d28cc6b1-2b70-4303-9c79-e1b078881056">
      <Output>
        <ErrorInfo>
          <Message>Test method TestProject.DynamicTest.WordBreakDPTest threw exception: 
System.ArgumentOutOfRangeException: Index and count must refer to a location within the string.
Parameter name: count</Message>
          <StackTrace>    at System.String.RemoveInternal(Int32 startIndex, Int32 count)
   at System.String.Remove(Int32 startIndex, Int32 count)
   at Algorithm_Dynamic.Dynamic.helper(List`1 results, String re, String s, List`1 dict, List`1 dp, Int32 cur, Int32 step) in G:\GitHub\Algorithm-Recursion-Dynamic\Algorithm-Recursion\Dynamic.cs:line 911
   at Algorithm_Dynamic.Dynamic.helper(List`1 results, String re, String s, List`1 dict, List`1 dp, Int32 cur, Int32 step) in G:\GitHub\Algorithm-Recursion-Dynamic\Algorithm-Recursion\Dynamic.cs:line 910
   at Algorithm_Dynamic.Dynamic.helper(List`1 results, String re, String s, List`1 dict, List`1 dp, Int32 cur, Int32 step) in G:\GitHub\Algorithm-Recursion-Dynamic\Algorithm-Recursion\Dynamic.cs:line 910
   at Algorithm_Dynamic.Dynamic.WordBreakDP(String s, List`1 dict) in G:\GitHub\Algorithm-Recursion-Dynamic\Algorithm-Recursion\Dynamic.cs:line 896
   at TestProject.DynamicTest.WordBreakDPTest() in G:\GitHub\Algorithm-Recursion-Dynamic\TestProject\DynamicTest.cs:line 272
</StackTrace>
        </ErrorInfo>
      </Output>
    </UnitTestResult>
  </Results>
</TestRun>