<?xml version="1.0" encoding="UTF-8"?>
<TestRun id="2cac8cee-df17-4c73-a06e-9f819866f105" name="Huyoucai@HUYOUCAI-PC 2014-07-27 16:40:50" runUser="Huyoucai-PC\Huyoucai" xmlns="http://microsoft.com/schemas/VisualStudio/TeamTest/2010">
  <TestSettings name="Local" id="e4167082-9d56-471a-b488-96ac36bacfa7">
    <Description>These are default test settings for a local test run.</Description>
    <Deployment enabled="false" runDeploymentRoot="Huyoucai_HUYOUCAI-PC 2014-07-27 16_40_50">
      <DeploymentItem filename="G:\GitHub\Algorithm-Recursion-Dynamic\Algorithm-Recursion\bin\Debug\Algorithm-Recursion.dll" />
    </Deployment>
    <Execution>
      <TestTypeSpecific />
      <AgentRule name="Execution Agents">
      </AgentRule>
    </Execution>
  </TestSettings>
  <Times creation="2014-07-27T16:40:50.6219842-06:00" queuing="2014-07-27T16:40:53.9031719-06:00" start="2014-07-27T16:40:54.0201786-06:00" finish="2014-07-27T16:41:24.5339239-06:00" />
  <ResultSummary outcome="Error">
    <Counters total="1" executed="1" error="0" failed="0" timeout="0" aborted="1" inconclusive="0" passedButRunAborted="0" notRunnable="0" notExecuted="0" disconnected="0" warning="0" passed="0" completed="0" inProgress="0" pending="0" />
    <RunInfos>
      <RunInfo computerName="HUYOUCAI-PC" outcome="Error" timestamp="2014-07-27T16:41:24.5319238-06:00">
        <Text>Test host process exited unexpectedly.</Text>
      </RunInfo>
    </RunInfos>
  </ResultSummary>
  <TestDefinitions>
    <UnitTest name="WordBreakTest" storage="g:\github\algorithm-recursion-dynamic\testproject\bin\debug\testproject.dll" id="da357ada-a8db-2648-80df-d63b8302ed09">
      <Execution id="5f2ac21c-a7f4-42f1-89c5-391c51df359c" />
      <TestMethod codeBase="G:/GitHub/Algorithm-Recursion-Dynamic/TestProject/bin/Debug/TestProject.DLL" adapterTypeName="Microsoft.VisualStudio.TestTools.TestTypes.Unit.UnitTestAdapter, Microsoft.VisualStudio.QualityTools.Tips.UnitTest.Adapter, Version=10.0.0.0, Culture=neutral, PublicKeyToken=b03f5f7f11d50a3a" className="TestProject.DynamicTest, TestProject, Version=1.0.0.0, Culture=neutral, PublicKeyToken=null" name="WordBreakTest" />
    </UnitTest>
  </TestDefinitions>
  <TestLists>
    <TestList name="Results Not in a List" id="8c84fa94-04c1-424b-9868-57a2d4851a1d" />
    <TestList name="All Loaded Results" id="19431567-8539-422a-85d7-44ee4e166bda" />
  </TestLists>
  <TestEntries>
    <TestEntry testId="da357ada-a8db-2648-80df-d63b8302ed09" executionId="5f2ac21c-a7f4-42f1-89c5-391c51df359c" testListId="8c84fa94-04c1-424b-9868-57a2d4851a1d" />
  </TestEntries>
  <Results>
    <UnitTestResult executionId="5f2ac21c-a7f4-42f1-89c5-391c51df359c" testId="da357ada-a8db-2648-80df-d63b8302ed09" testName="WordBreakTest" computerName="HUYOUCAI-PC" duration="00:00:30.2947328" startTime="2014-07-27T16:40:54.2391911-06:00" endTime="2014-07-27T16:41:24.5339239-06:00" testType="13cdc9d9-ddb5-4fa4-a97d-d965ccfc6d4b" outcome="Aborted" testListId="8c84fa94-04c1-424b-9868-57a2d4851a1d" relativeResultsDirectory="5f2ac21c-a7f4-42f1-89c5-391c51df359c">
    </UnitTestResult>
  </Results>
</TestRun>