<?xml version="1.0" encoding="UTF-8"?>
<TestRun id="a09517f8-e27d-437d-9812-6e56673b1c99" name="Huyoucai@HUYOUCAI-PC 2014-07-27 17:42:55" runUser="Huyoucai-PC\Huyoucai" xmlns="http://microsoft.com/schemas/VisualStudio/TeamTest/2010">
  <TestSettings name="Local" id="e4167082-9d56-471a-b488-96ac36bacfa7">
    <Description>These are default test settings for a local test run.</Description>
    <Deployment enabled="false" runDeploymentRoot="Huyoucai_HUYOUCAI-PC 2014-07-27 17_42_55">
      <DeploymentItem filename="G:\GitHub\Algorithm-Recursion-Dynamic\Algorithm-Recursion\bin\Debug\Algorithm-Recursion.dll" />
    </Deployment>
    <Execution>
      <TestTypeSpecific />
      <AgentRule name="Execution Agents">
      </AgentRule>
    </Execution>
  </TestSettings>
  <Times creation="2014-07-27T17:42:55.5530381-06:00" queuing="2014-07-27T17:42:57.0501237-06:00" start="2014-07-27T17:42:57.2591357-06:00" finish="2014-07-27T17:43:22.0055511-06:00" />
  <ResultSummary outcome="Error">
    <Counters total="1" executed="1" error="0" failed="0" timeout="0" aborted="1" inconclusive="0" passedButRunAborted="0" notRunnable="0" notExecuted="0" disconnected="0" warning="0" passed="0" completed="0" inProgress="0" pending="0" />
    <RunInfos>
      <RunInfo computerName="HUYOUCAI-PC" outcome="Error" timestamp="2014-07-27T17:43:22.0035510-06:00">
        <Text>Test host process exited unexpectedly.</Text>
      </RunInfo>
    </RunInfos>
  </ResultSummary>
  <TestDefinitions>
    <UnitTest name="WordBreakIITest" storage="g:\github\algorithm-recursion-dynamic\testproject\bin\debug\testproject.dll" id="d8b5e24e-36fe-67eb-d089-27a43846d83b">
      <Execution id="60aef004-7520-4be2-9ba0-a57390c09a5e" />
      <TestMethod codeBase="G:/GitHub/Algorithm-Recursion-Dynamic/TestProject/bin/Debug/TestProject.DLL" adapterTypeName="Microsoft.VisualStudio.TestTools.TestTypes.Unit.UnitTestAdapter, Microsoft.VisualStudio.QualityTools.Tips.UnitTest.Adapter, Version=10.0.0.0, Culture=neutral, PublicKeyToken=b03f5f7f11d50a3a" className="TestProject.DynamicTest, TestProject, Version=1.0.0.0, Culture=neutral, PublicKeyToken=null" name="WordBreakIITest" />
    </UnitTest>
  </TestDefinitions>
  <TestLists>
    <TestList name="Results Not in a List" id="8c84fa94-04c1-424b-9868-57a2d4851a1d" />
    <TestList name="All Loaded Results" id="19431567-8539-422a-85d7-44ee4e166bda" />
  </TestLists>
  <TestEntries>
    <TestEntry testId="d8b5e24e-36fe-67eb-d089-27a43846d83b" executionId="60aef004-7520-4be2-9ba0-a57390c09a5e" testListId="8c84fa94-04c1-424b-9868-57a2d4851a1d" />
  </TestEntries>
  <Results>
    <UnitTestResult executionId="60aef004-7520-4be2-9ba0-a57390c09a5e" testId="d8b5e24e-36fe-67eb-d089-27a43846d83b" testName="WordBreakIITest" computerName="HUYOUCAI-PC" duration="00:00:24.6314088" startTime="2014-07-27T17:42:57.3731422-06:00" endTime="2014-07-27T17:43:22.0045510-06:00" testType="13cdc9d9-ddb5-4fa4-a97d-d965ccfc6d4b" outcome="Aborted" testListId="8c84fa94-04c1-424b-9868-57a2d4851a1d" relativeResultsDirectory="60aef004-7520-4be2-9ba0-a57390c09a5e">
    </UnitTestResult>
  </Results>
</TestRun>