<?xml version="1.0" encoding="UTF-8"?>
<TestRun id="510b4dce-75e1-4f40-b684-c26c57da060b" name="Huyoucai@HUYOUCAI-PC 2014-09-07 23:41:15" runUser="Huyoucai-PC\Huyoucai" xmlns="http://microsoft.com/schemas/VisualStudio/TeamTest/2010">
  <TestSettings name="Local" id="e4167082-9d56-471a-b488-96ac36bacfa7">
    <Description>These are default test settings for a local test run.</Description>
    <Deployment enabled="false" runDeploymentRoot="Huyoucai_HUYOUCAI-PC 2014-09-07 23_41_15">
      <DeploymentItem filename="G:\GitHub\Algorithm-Recursion-Dynamic\Algorithm-Recursion\bin\Debug\Algorithm-Recursion.dll" />
    </Deployment>
    <Execution>
      <TestTypeSpecific />
      <AgentRule name="Execution Agents">
      </AgentRule>
    </Execution>
  </TestSettings>
  <Times creation="2014-09-07T23:41:15.0098262-06:00" queuing="2014-09-07T23:41:16.3899051-06:00" start="2014-09-07T23:41:16.5329133-06:00" finish="2014-09-07T23:41:37.6931236-06:00" />
  <ResultSummary outcome="Failed">
    <Counters total="1" executed="1" error="0" failed="1" timeout="0" aborted="0" inconclusive="0" passedButRunAborted="0" notRunnable="0" notExecuted="0" disconnected="0" warning="0" passed="0" completed="0" inProgress="0" pending="0" />
  </ResultSummary>
  <TestDefinitions>
    <UnitTest name="RestoreIpAddressesTest" storage="g:\github\algorithm-recursion-dynamic\testproject\bin\debug\testproject.dll" id="c0bcccea-e9e5-2ba5-358f-e1e81c5a5ab4">
      <Execution id="8da289bd-9512-4b9b-8cb5-895797ff339e" />
      <TestMethod codeBase="G:/GitHub/Algorithm-Recursion-Dynamic/TestProject/bin/Debug/TestProject.DLL" adapterTypeName="Microsoft.VisualStudio.TestTools.TestTypes.Unit.UnitTestAdapter, Microsoft.VisualStudio.QualityTools.Tips.UnitTest.Adapter, Version=10.0.0.0, Culture=neutral, PublicKeyToken=b03f5f7f11d50a3a" className="TestProject.RecursionTest, TestProject, Version=1.0.0.0, Culture=neutral, PublicKeyToken=null" name="RestoreIpAddressesTest" />
    </UnitTest>
  </TestDefinitions>
  <TestLists>
    <TestList name="Results Not in a List" id="8c84fa94-04c1-424b-9868-57a2d4851a1d" />
    <TestList name="All Loaded Results" id="19431567-8539-422a-85d7-44ee4e166bda" />
  </TestLists>
  <TestEntries>
    <TestEntry testId="c0bcccea-e9e5-2ba5-358f-e1e81c5a5ab4" executionId="8da289bd-9512-4b9b-8cb5-895797ff339e" testListId="8c84fa94-04c1-424b-9868-57a2d4851a1d" />
  </TestEntries>
  <Results>
    <UnitTestResult executionId="8da289bd-9512-4b9b-8cb5-895797ff339e" testId="c0bcccea-e9e5-2ba5-358f-e1e81c5a5ab4" testName="RestoreIpAddressesTest" computerName="HUYOUCAI-PC" duration="00:00:18.9462054" startTime="2014-09-07T23:41:16.6549203-06:00" endTime="2014-09-07T23:41:37.2841002-06:00" testType="13cdc9d9-ddb5-4fa4-a97d-d965ccfc6d4b" outcome="Failed" testListId="8c84fa94-04c1-424b-9868-57a2d4851a1d" relativeResultsDirectory="8da289bd-9512-4b9b-8cb5-895797ff339e">
      <Output>
        <ErrorInfo>
          <Message>Test method TestProject.RecursionTest.RestoreIpAddressesTest threw exception: 
System.FormatException: Input string was not in a correct format.</Message>
          <StackTrace>    at System.Number.StringToNumber(String str, NumberStyles options, NumberBuffer&amp; number, NumberFormatInfo info, Boolean parseDecimal)
   at System.Number.ParseInt32(String s, NumberStyles style, NumberFormatInfo info)
   at System.Int32.Parse(String s)
   at ClassLibrary.Recursion.isValid(String str) in G:\GitHub\Algorithm-Recursion-Dynamic\Algorithm-Recursion\Recursion.cs:line 2248
   at ClassLibrary.Recursion.helper(String s, Int32 index, Int32 segment, String item, List`1 res) in G:\GitHub\Algorithm-Recursion-Dynamic\Algorithm-Recursion\Recursion.cs:line 2235
   at ClassLibrary.Recursion.RestoreIpAddresses(String s) in G:\GitHub\Algorithm-Recursion-Dynamic\Algorithm-Recursion\Recursion.cs:line 2216
   at TestProject.RecursionTest.RestoreIpAddressesTest() in G:\GitHub\Algorithm-Recursion-Dynamic\TestProject\RecursionTest.cs:line 685
</StackTrace>
        </ErrorInfo>
      </Output>
    </UnitTestResult>
  </Results>
</TestRun>