<?xml version="1.0" encoding="UTF-8"?>
<TestRun id="4e31c31c-6dd2-4dd5-97c5-2a63e336509a" name="Huyoucai@HUYOUCAI-PC 2014-07-28 23:44:18" runUser="Huyoucai-PC\Huyoucai" xmlns="http://microsoft.com/schemas/VisualStudio/TeamTest/2010">
  <TestSettings name="Local" id="e4167082-9d56-471a-b488-96ac36bacfa7">
    <Description>These are default test settings for a local test run.</Description>
    <Deployment enabled="false" runDeploymentRoot="Huyoucai_HUYOUCAI-PC 2014-07-28 23_44_18">
      <DeploymentItem filename="G:\GitHub\Algorithm-Recursion-Dynamic\Algorithm-Recursion\bin\Debug\Algorithm-Recursion.dll" />
    </Deployment>
    <Execution>
      <TestTypeSpecific />
      <AgentRule name="Execution Agents">
      </AgentRule>
    </Execution>
  </TestSettings>
  <Times creation="2014-07-28T23:44:18.4795113-06:00" queuing="2014-07-28T23:44:20.0866032-06:00" start="2014-07-28T23:44:20.2866147-06:00" finish="2014-07-29T00:18:24.6685466-06:00" />
  <ResultSummary outcome="Error">
    <Counters total="1" executed="1" error="0" failed="0" timeout="0" aborted="1" inconclusive="0" passedButRunAborted="0" notRunnable="0" notExecuted="0" disconnected="0" warning="0" passed="0" completed="0" inProgress="0" pending="0" />
    <RunInfos>
      <RunInfo computerName="HUYOUCAI-PC" outcome="Error" timestamp="2014-07-29T00:18:24.6665465-06:00">
        <Text>Test host process exited unexpectedly.</Text>
      </RunInfo>
    </RunInfos>
  </ResultSummary>
  <TestDefinitions>
    <UnitTest name="WordBreakIITest" storage="g:\github\algorithm-recursion-dynamic\testproject\bin\debug\testproject.dll" id="d8b5e24e-36fe-67eb-d089-27a43846d83b">
      <Execution id="85d0d7b3-a698-4375-9a99-4a5d93c58997" />
      <TestMethod codeBase="G:/GitHub/Algorithm-Recursion-Dynamic/TestProject/bin/Debug/TestProject.DLL" adapterTypeName="Microsoft.VisualStudio.TestTools.TestTypes.Unit.UnitTestAdapter, Microsoft.VisualStudio.QualityTools.Tips.UnitTest.Adapter, Version=10.0.0.0, Culture=neutral, PublicKeyToken=b03f5f7f11d50a3a" className="TestProject.DynamicTest, TestProject, Version=1.0.0.0, Culture=neutral, PublicKeyToken=null" name="WordBreakIITest" />
    </UnitTest>
  </TestDefinitions>
  <TestLists>
    <TestList name="Results Not in a List" id="8c84fa94-04c1-424b-9868-57a2d4851a1d" />
    <TestList name="All Loaded Results" id="19431567-8539-422a-85d7-44ee4e166bda" />
  </TestLists>
  <TestEntries>
    <TestEntry testId="d8b5e24e-36fe-67eb-d089-27a43846d83b" executionId="85d0d7b3-a698-4375-9a99-4a5d93c58997" testListId="8c84fa94-04c1-424b-9868-57a2d4851a1d" />
  </TestEntries>
  <Results>
    <UnitTestResult executionId="85d0d7b3-a698-4375-9a99-4a5d93c58997" testId="d8b5e24e-36fe-67eb-d089-27a43846d83b" testName="WordBreakIITest" computerName="HUYOUCAI-PC" duration="00:34:04.2889266" startTime="2014-07-28T23:44:20.3796200-06:00" endTime="2014-07-29T00:18:24.6685466-06:00" testType="13cdc9d9-ddb5-4fa4-a97d-d965ccfc6d4b" outcome="Aborted" testListId="8c84fa94-04c1-424b-9868-57a2d4851a1d" relativeResultsDirectory="85d0d7b3-a698-4375-9a99-4a5d93c58997">
    </UnitTestResult>
  </Results>
</TestRun>