<?xml version="1.0" encoding="UTF-8"?>
<TestRun id="c07154d1-8cdd-4d87-abe2-3ccc5c13e25e" name="Huyoucai@HUYOUCAI-PC 2014-07-28 22:19:00" runUser="Huyoucai-PC\Huyoucai" xmlns="http://microsoft.com/schemas/VisualStudio/TeamTest/2010">
  <TestSettings name="Local" id="e4167082-9d56-471a-b488-96ac36bacfa7">
    <Description>These are default test settings for a local test run.</Description>
    <Deployment enabled="false" runDeploymentRoot="Huyoucai_HUYOUCAI-PC 2014-07-28 22_19_00">
      <DeploymentItem filename="G:\GitHub\Algorithm-Recursion-Dynamic\Algorithm-Recursion\bin\Debug\Algorithm-Recursion.dll" />
    </Deployment>
    <Execution>
      <TestTypeSpecific />
      <AgentRule name="Execution Agents">
      </AgentRule>
    </Execution>
  </TestSettings>
  <Times creation="2014-07-28T22:19:00.5497825-06:00" queuing="2014-07-28T22:19:04.2829960-06:00" start="2014-07-28T22:19:04.4260042-06:00" finish="2014-07-28T22:29:07.5124987-06:00" />
  <ResultSummary outcome="Error">
    <Counters total="1" executed="1" error="0" failed="0" timeout="0" aborted="1" inconclusive="0" passedButRunAborted="0" notRunnable="0" notExecuted="0" disconnected="0" warning="0" passed="0" completed="0" inProgress="0" pending="0" />
    <RunInfos>
      <RunInfo computerName="HUYOUCAI-PC" outcome="Error" timestamp="2014-07-28T22:29:07.4944977-06:00">
        <Text>Test host process exited unexpectedly.</Text>
      </RunInfo>
    </RunInfos>
  </ResultSummary>
  <TestDefinitions>
    <UnitTest name="WordBreakIITest" storage="g:\github\algorithm-recursion-dynamic\testproject\bin\debug\testproject.dll" id="d8b5e24e-36fe-67eb-d089-27a43846d83b">
      <Execution id="17349df2-056c-44e2-9f0d-f71ad907e5c1" />
      <TestMethod codeBase="G:/GitHub/Algorithm-Recursion-Dynamic/TestProject/bin/Debug/TestProject.DLL" adapterTypeName="Microsoft.VisualStudio.TestTools.TestTypes.Unit.UnitTestAdapter, Microsoft.VisualStudio.QualityTools.Tips.UnitTest.Adapter, Version=10.0.0.0, Culture=neutral, PublicKeyToken=b03f5f7f11d50a3a" className="TestProject.DynamicTest, TestProject, Version=1.0.0.0, Culture=neutral, PublicKeyToken=null" name="WordBreakIITest" />
    </UnitTest>
  </TestDefinitions>
  <TestLists>
    <TestList name="Results Not in a List" id="8c84fa94-04c1-424b-9868-57a2d4851a1d" />
    <TestList name="All Loaded Results" id="19431567-8539-422a-85d7-44ee4e166bda" />
  </TestLists>
  <TestEntries>
    <TestEntry testId="d8b5e24e-36fe-67eb-d089-27a43846d83b" executionId="17349df2-056c-44e2-9f0d-f71ad907e5c1" testListId="8c84fa94-04c1-424b-9868-57a2d4851a1d" />
  </TestEntries>
  <Results>
    <UnitTestResult executionId="17349df2-056c-44e2-9f0d-f71ad907e5c1" testId="d8b5e24e-36fe-67eb-d089-27a43846d83b" testName="WordBreakIITest" computerName="HUYOUCAI-PC" duration="00:10:02.9444865" startTime="2014-07-28T22:19:04.5620119-06:00" endTime="2014-07-28T22:29:07.5064984-06:00" testType="13cdc9d9-ddb5-4fa4-a97d-d965ccfc6d4b" outcome="Aborted" testListId="8c84fa94-04c1-424b-9868-57a2d4851a1d" relativeResultsDirectory="17349df2-056c-44e2-9f0d-f71ad907e5c1">
    </UnitTestResult>
  </Results>
</TestRun>